<?xml version="1.0" encoding="UTF-8"?>
<!-- Generated by org.testng.reporters.JUnitXMLReporter -->
<testsuite hostname="Ayshas-MacBook-Pro.local" name="Command line test" tests="4" failures="0" timestamp="13 Jan 2017 14:55:47 GMT" time="1.551" errors="0">
  <testcase name="@BeforeMethod openBroweser" time="0.0" classname="com.mlba.test.SmokeTest">
    <failure type="java.lang.NullPointerException" message="null value in entry: url=null">
      <![CDATA[java.lang.NullPointerException: null value in entry: url=null
	at com.google.common.collect.CollectPreconditions.checkEntryNotNull(CollectPreconditions.java:33)
	at com.google.common.collect.SingletonImmutableBiMap.<init>(SingletonImmutableBiMap.java:39)
	at com.google.common.collect.ImmutableBiMap.of(ImmutableBiMap.java:49)
	at com.google.common.collect.ImmutableMap.of(ImmutableMap.java:70)
	at org.openqa.selenium.remote.RemoteWebDriver.get(RemoteWebDriver.java:316)
	at com.mlba.test.BaseTest.openBroweser(BaseTest.java:48)
... Removed 36 stack frames]]>
    </failure>
  </testcase> <!-- @BeforeMethod openBroweser -->
  <testcase name="@AfterMethod closeBrowser" time="0.0" classname="com.mlba.test.SmokeTest">
    <skipped/>
  </testcase> <!-- @AfterMethod closeBrowser -->
  <testcase name="@BeforeMethod openBroweser" time="0.0" classname="com.mlba.test.SmokeTest">
    <skipped/>
  </testcase> <!-- @BeforeMethod openBroweser -->
  <testcase name="@AfterMethod closeBrowser" time="0.0" classname="com.mlba.test.SmokeTest">
    <skipped/>
  </testcase> <!-- @AfterMethod closeBrowser -->
  <testcase name="@BeforeMethod openBroweser" time="0.0" classname="com.mlba.test.SmokeTest">
    <skipped/>
  </testcase> <!-- @BeforeMethod openBroweser -->
  <testcase name="@AfterMethod closeBrowser" time="0.0" classname="com.mlba.test.SmokeTest">
    <skipped/>
  </testcase> <!-- @AfterMethod closeBrowser -->
  <testcase name="@BeforeMethod openBroweser" time="0.0" classname="com.mlba.test.SmokeTest">
    <skipped/>
  </testcase> <!-- @BeforeMethod openBroweser -->
  <testcase name="@AfterMethod closeBrowser" time="0.0" classname="com.mlba.test.SmokeTest">
    <skipped/>
  </testcase> <!-- @AfterMethod closeBrowser -->
  <testcase name="ebayProduct" time="0.001" classname="com.mlba.test.SmokeTest">
    <skipped/>
  </testcase> <!-- ebayProduct -->
  <testcase name="gmailInvalidPassLoginTest" time="0.0" classname="com.mlba.test.SmokeTest">
    <skipped/>
  </testcase> <!-- gmailInvalidPassLoginTest -->
  <testcase name="gmailInvalidUserLoginTest" time="0.0" classname="com.mlba.test.SmokeTest">
    <skipped/>
  </testcase> <!-- gmailInvalidUserLoginTest -->
  <testcase name="gmailLoginTest" time="0.0" classname="com.mlba.test.SmokeTest">
    <skipped/>
  </testcase> <!-- gmailLoginTest -->
</testsuite> <!-- Command line test -->
